This is pdfTeX, Version 3.14159265-2.6-1.40.16 (TeX Live 2016/dev) (preloaded format=pdflatex 2016.12.29)  14 MAR 2017 21:48
entering extended mode
 restricted \write18 enabled.
 %&-line parsing enabled.
**Chapter2_Analysis.tex
(./Chapter2_Analysis.tex
LaTeX2e <2015/01/01> patch level 2
Babel <3.9m> and hyphenation patterns for 2 languages loaded.
! Undefined control sequence.
l.1 \chapter
            {Analysis}
? 
! Emergency stop.
l.1 \chapter
            {Analysis}
End of file on the terminal!

 
Here is how much of TeX's memory you used:
 5 strings out of 495003
 174 string characters out of 6181404
 44937 words of memory out of 5000000
 3343 multiletter control sequences out of 15000+600000
 3640 words of font info for 14 fonts, out of 8000000 for 9000
 14 hyphenation exceptions out of 8191
 5i,0n,1p,42b,8s stack positions out of 5000i,500n,10000p,200000b,80000s
!  ==> Fatal error occurred, no output PDF file produced!
